<?xml version="1.0" encoding="UTF-8"?>
<testng-results ignored="0" total="1" passed="1" failed="0" skipped="0">
  <reporter-output>
  </reporter-output>
  <suite started-at="2025-01-10T10:49:53 IST" name="Default suite" finished-at="2025-01-10T10:50:03 IST" duration-ms="10536">
    <groups>
    </groups>
    <test started-at="2025-01-10T10:49:53 IST" name="Default test" finished-at="2025-01-10T10:50:03 IST" duration-ms="10536">
      <class name="com.Amazon.testcase.OpenAmazonTest">
        <test-method is-config="true" signature="init()[pri:0, instance:com.Amazon.testcase.OpenAmazonTest@63355449]" started-at="2025-01-10T10:49:52 IST" name="init" finished-at="2025-01-10T10:49:53 IST" duration-ms="279" status="PASS">
          <reporter-output>
          </reporter-output>
        </test-method> <!-- init -->
        <test-method is-config="true" signature="test01(org.testng.ITestContext)[pri:0, instance:com.Amazon.testcase.OpenAmazonTest@63355449]" started-at="2025-01-10T10:49:53 IST" name="test01" finished-at="2025-01-10T10:49:53 IST" duration-ms="9" status="PASS">
          <params>
            <param index="0">
              <value>
                <![CDATA[org.testng.TestRunner@16872c4d]]>
              </value>
            </param>
          </params>
          <reporter-output>
          </reporter-output>
        </test-method> <!-- test01 -->
        <test-method is-config="true" signature="getMethodName(java.lang.reflect.Method)[pri:0, instance:com.Amazon.testcase.OpenAmazonTest@63355449]" started-at="2025-01-10T10:49:53 IST" name="getMethodName" finished-at="2025-01-10T10:49:53 IST" duration-ms="8" status="PASS">
          <params>
            <param index="0">
              <value>
                <![CDATA[public void com.Amazon.testcase.OpenAmazonTest.openAmazon(java.lang.reflect.Method)]]>
              </value>
            </param>
          </params>
          <reporter-output>
          </reporter-output>
        </test-method> <!-- getMethodName -->
        <test-method signature="openAmazon(java.lang.reflect.Method)[pri:0, instance:com.Amazon.testcase.OpenAmazonTest@63355449]" started-at="2025-01-10T10:49:53 IST" name="openAmazon" finished-at="2025-01-10T10:50:03 IST" duration-ms="10457" status="PASS">
          <params>
            <param index="0">
              <value>
                <![CDATA[public void com.Amazon.testcase.OpenAmazonTest.openAmazon(java.lang.reflect.Method)]]>
              </value>
            </param>
          </params>
          <reporter-output>
          </reporter-output>
        </test-method> <!-- openAmazon -->
        <test-method is-config="true" signature="finishTest(org.testng.ITestResult)[pri:0, instance:com.Amazon.testcase.OpenAmazonTest@63355449]" started-at="2025-01-10T10:50:03 IST" name="finishTest" finished-at="2025-01-10T10:50:03 IST" duration-ms="4" status="PASS">
          <params>
            <param index="0">
              <value>
                <![CDATA[[TestResult name=openAmazon status=SUCCESS method=OpenAmazonTest.openAmazon(java.lang.reflect.Method)[pri:0, instance:com.Amazon.testcase.OpenAmazonTest@63355449] output={null}]]]>
              </value>
            </param>
          </params>
          <reporter-output>
          </reporter-output>
        </test-method> <!-- finishTest -->
        <test-method is-config="true" signature="after()[pri:0, instance:com.Amazon.testcase.OpenAmazonTest@63355449]" started-at="2025-01-10T10:50:03 IST" name="after" finished-at="2025-01-10T10:50:04 IST" duration-ms="761" status="PASS">
          <reporter-output>
          </reporter-output>
        </test-method> <!-- after -->
      </class> <!-- com.Amazon.testcase.OpenAmazonTest -->
    </test> <!-- Default test -->
  </suite> <!-- Default suite -->
</testng-results>
